<?xml version="1.0" encoding="UTF-8"?>
<testsuite xmlns:xsi="http://www.w3.org/2001/XMLSchema-instance" xsi:noNamespaceSchemaLocation="https://maven.apache.org/surefire/maven-surefire-plugin/xsd/surefire-test-report-3.0.xsd" version="3.0" name="StepDefinition.RunCucumberTest" time="19.684" tests="1" errors="1" skipped="0" failures="0">
  <properties>
[...]
</properties>
  <testcase name="As a tester I want to test Menu accordian" classname="As a tester" time="19.277">
    <error message="The step &apos;I click section Menu&apos; is undefined.&#10;You can implement this step using the snippet(s) below:&#10;&#10;@Then(&quot;I click section Menu&quot;)&#10;public void i_click_section_menu() {&#10;    // Write code here that turns the phrase above into concrete actions&#10;    throw new io.cucumber.java.PendingException();&#10;}&#10;" type="io.cucumber.junit.platform.engine.UndefinedStepException"><![CDATA[io.cucumber.junit.platform.engine.UndefinedStepException: 
The step 'I click section Menu' is undefined.
You can implement this step using the snippet(s) below:

@Then("I click section Menu")
public void i_click_section_menu() {
    // Write code here that turns the phrase above into concrete actions
    throw new io.cucumber.java.PendingException();
}

	at io.cucumber.core.runtime.TestCaseResultObserver.assertTestCasePassed(TestCaseResultObserver.java:69)
	at io.cucumber.junit.platform.engine.TestCaseResultObserver.assertTestCasePassed(TestCaseResultObserver.java:22)
	at io.cucumber.junit.platform.engine.CucumberEngineExecutionContext.lambda$runTestCase$4(CucumberEngineExecutionContext.java:114)
	at io.cucumber.core.runtime.CucumberExecutionContext.lambda$runTestCase$5(CucumberExecutionContext.java:136)
	at io.cucumber.core.runtime.RethrowingThrowableCollector.executeAndThrow(RethrowingThrowableCollector.java:23)
	at io.cucumber.core.runtime.CucumberExecutionContext.runTestCase(CucumberExecutionContext.java:136)
	at io.cucumber.junit.platform.engine.CucumberEngineExecutionContext.runTestCase(CucumberEngineExecutionContext.java:109)
	at io.cucumber.junit.platform.engine.NodeDescriptor$PickleDescriptor.execute(NodeDescriptor.java:168)
	at io.cucumber.junit.platform.engine.NodeDescriptor$PickleDescriptor.execute(NodeDescriptor.java:90)
	at java.base/java.util.ArrayList.forEach(ArrayList.java:1597)
	at java.base/java.util.ArrayList.forEach(ArrayList.java:1597)
]]></error>
    <system-out><![CDATA[
Scenario: As a tester I want to test Menu accordian &amp#27;[90m# ui/widgetsmenu.feature:5&amp#27;[0m
  &amp#27;[32mWhen &amp#27;[0m&amp#27;[32mOpen browser&amp#27;[0m                                 &amp#27;[90m# StepDefinition.StepDefinitions.openBrowser()&amp#27;[0m
  &amp#27;[32mAnd &amp#27;[0m&amp#27;[32mI click accordian in widgets Menu&amp#27;[0m             &amp#27;[90m# StepDefinition.StepDefinitions.clickAccordian()&amp#27;[0m
  &amp#27;[32mAnd &amp#27;[0m&amp#27;[32mI switch to iframe&amp#27;[0m                            &amp#27;[90m# StepDefinition.StepDefinitions.switchToIframe()&amp#27;[0m
  &amp#27;[32mThen &amp#27;[0m&amp#27;[32mI click on section2 Menu&amp#27;[0m                     &amp#27;[90m# StepDefinition.StepDefinitions.AccordianSection2Menu()&amp#27;[0m
  &amp#27;[32mAnd &amp#27;[0m&amp#27;[32mI switch back to main&amp#27;[0m                         &amp#27;[90m# StepDefinition.StepDefinitions.switchBackToMain()&amp#27;[0m
  &amp#27;[32mThen &amp#27;[0m&amp#27;[32mI click on Customizeicon&amp#27;[0m                     &amp#27;[90m# StepDefinition.StepDefinitions.AccordianCustomizeicon()&amp#27;[0m
  &amp#27;[32mThen &amp#27;[0m&amp#27;[32mI click button in widgets Menu&amp#27;[0m               &amp#27;[90m# StepDefinition.StepDefinitions.clickButtonInWidgetsMenu()&amp#27;[0m
  &amp#27;[32mAnd &amp#27;[0m&amp#27;[32mI click radio button in widgets Menu&amp#27;[0m          &amp#27;[90m# StepDefinition.StepDefinitions.clickRadioButtonInWidgetsMenu()&amp#27;[0m
  &amp#27;[32mAnd &amp#27;[0m&amp#27;[32mI switch to iframe&amp#27;[0m                            &amp#27;[90m# StepDefinition.StepDefinitions.switchToIframe()&amp#27;[0m
  &amp#27;[32mThen &amp#27;[0m&amp#27;[32mI click radio button in iframe&amp#27;[0m               &amp#27;[90m# StepDefinition.StepDefinitions.clickRadioButtonInIframe()&amp#27;[0m
  &amp#27;[32mWhen &amp#27;[0m&amp#27;[32mI switch back to main&amp#27;[0m                        &amp#27;[90m# StepDefinition.StepDefinitions.switchBackToMain()&amp#27;[0m
  &amp#27;[32mAnd &amp#27;[0m&amp#27;[32mI click accordian in widgets Menu&amp#27;[0m             &amp#27;[90m# StepDefinition.StepDefinitions.clickAccordian()&amp#27;[0m
  &amp#27;[32mAnd &amp#27;[0m&amp#27;[32mI switch to iframe&amp#27;[0m                            &amp#27;[90m# StepDefinition.StepDefinitions.switchToIframe()&amp#27;[0m
  &amp#27;[33mThen &amp#27;[0m&amp#27;[33mI click section Menu&amp#27;[0m
  &amp#27;[36mWhen &amp#27;[0m&amp#27;[36mI switch back to main&amp#27;[0m                        &amp#27;[90m# StepDefinition.StepDefinitions.switchBackToMain()&amp#27;[0m
  &amp#27;[36mThen &amp#27;[0m&amp#27;[36mI click on the Selectmenu tab&amp#27;[0m                &amp#27;[90m# StepDefinition.StepDefinitions.clickSelectmenu()&amp#27;[0m
  &amp#27;[36mAnd &amp#27;[0m&amp#27;[36mI switch to iframe&amp#27;[0m                            &amp#27;[90m# StepDefinition.StepDefinitions.switchToIframe()&amp#27;[0m
  &amp#27;[36mAnd &amp#27;[0m&amp#27;[36mI select "Fast" option under Medium dropdown&amp#27;[0m  &amp#27;[90m# StepDefinition.StepDefinitions.selectFastdropdown()&amp#27;[0m
  &amp#27;[36mThen &amp#27;[0m&amp#27;[36mI close browser&amp#27;[0m                              &amp#27;[90m# StepDefinition.StepDefinitions.closeBrowser()&amp#27;[0m
]]></system-out>
    <system-err><![CDATA[SLF4J: Failed to load class "org.slf4j.impl.StaticLoggerBinder".
SLF4J: Defaulting to no-operation (NOP) logger implementation
SLF4J: See http://www.slf4j.org/codes.html#StaticLoggerBinder for further details.
Starting ChromeDriver 124.0.6367.91 (51df0e5e17a8b0a4f281c1665dbd1b8a0c6b46af-refs/branch-heads/6367@{#984}) on port 52570
Only local connections are allowed.
Please see https://chromedriver.chromium.org/security-considerations for suggestions on keeping ChromeDriver safe.
ChromeDriver was started successfully.
May 08, 2024 1:46:50 PM org.openqa.selenium.remote.ProtocolHandshake createSession
INFO: Detected dialect: W3C
May 08, 2024 1:46:50 PM org.openqa.selenium.devtools.CdpVersionFinder findNearestMatch
WARNING: Unable to find an exact match for CDP version 124, so returning the closest version found: a no-op implementation
May 08, 2024 1:46:50 PM org.openqa.selenium.devtools.CdpVersionFinder findNearestMatch
INFO: Unable to find CDP implementation matching 124.
May 08, 2024 1:46:50 PM org.openqa.selenium.chromium.ChromiumDriver lambda$new$3
WARNING: Unable to find version of CDP to use for . You may need to include a dependency on a specific version of the CDP using something similar to `org.seleniumhq.selenium:selenium-devtools-v86:4.1.1` where the version ("v86") matches the version of the chromium-based browser you're using and the version number of the artifact is the same as Selenium's.
]]></system-err>
  </testcase>
</testsuite>